<?xml version="1.0" encoding="UTF-8"?>
<!-- Generated by org.testng.reporters.JUnitReportReporter -->
<testsuite hostname="DESKTOP-16FNEFK" failures="0" tests="1" name="tests.yahooTSLA" time="76.513" errors="0" timestamp="2025-03-05T18:09:15 IST" skipped="0">
  <testcase classname="tests.yahooTSLA" name="finyahoo" time="76.513"/>
  <system-out/>
</testsuite> <!-- tests.yahooTSLA -->
